Added Component: Designator=C1(cap/330u/16v)
Added Component: Designator=C2(CAP-1206)
Added Component: Designator=C3(CAP-0603)
Added Component: Designator=C4(CAP-1206)
Added Component: Designator=C5(cap/330u/16v)
Added Component: Designator=C6(CAP-0603)
Added Component: Designator=C7(CAP-0603)
Added Component: Designator=C8(CAP-0603)
Added Component: Designator=C9(CAP-0603)
Added Component: Designator=C10(CAP-0603)
Added Component: Designator=C11(CAP-0603)
Added Component: Designator=C12(CAP-0603)
Added Component: Designator=C13(CAP-0603)
Added Component: Designator=C14(CAP-0603)
Added Component: Designator=C15(CAP-0805)
Added Component: Designator=C16(CAP-0805)
Added Component: Designator=C17(CAP-0805)
Added Component: Designator=D1(DIOD/1N4007/SMD)
Added Component: Designator=D2(DIOD/1N4007/SMD)
Added Component: Designator=H(pin_header8)
Added Component: Designator=IC1(SOP8_HIT)
Added Component: Designator=IC2(TL494_SMD)
Added Component: Designator=IC3(ir2113)
Added Component: Designator=L1(NR6028T680)
Added Component: Designator=R1(RES/0603)
Added Component: Designator=R2(RES/0603)
Added Component: Designator=R3(RES/0603)
Added Component: Designator=R4(RES/0603)
Added Component: Designator=R5(RES/0603)
Added Component: Designator=R6(RES/0603)
Added Component: Designator=R7(RES/0603)
Added Component: Designator=R8(RES/0603)
Added Component: Designator=R9(RES/0603)
Added Component: Designator=R10(RES/0603)
Added Component: Designator=R11(RES/0603)
Added Component: Designator=R12(RES/0603)
Added Component: Designator=R13(RES/0603)
Added Component: Designator=R14(RES/0603)
Added Component: Designator=R15(RES/0603)
Added Component: Designator=R16(RES/0603)
Added Component: Designator=R17(RES/0603)
Added Component: Designator=R18(RES/0603)
Added Component: Designator=R19(RES/0603)
Added Pin To Net: NetName=NetC1_+ Pin=C1-+
Added Pin To Net: NetName=GND Pin=C1--
Added Pin To Net: NetName=+24 Pin=C2-1
Added Pin To Net: NetName=GND Pin=C2-2
Added Pin To Net: NetName=NetC3_1 Pin=C3-1
Added Pin To Net: NetName=NetC3_2 Pin=C3-2
Added Pin To Net: NetName=GND Pin=C4-1
Added Pin To Net: NetName=+12 Pin=C4-2
Added Pin To Net: NetName=+12 Pin=C5-+
Added Pin To Net: NetName=GND Pin=C5--
Added Pin To Net: NetName=+12 Pin=C6-1
Added Pin To Net: NetName=NetC6_2 Pin=C6-2
Added Pin To Net: NetName=NetC7_1 Pin=C7-1
Added Pin To Net: NetName=NetC7_2 Pin=C7-2
Added Pin To Net: NetName=GND Pin=C8-1
Added Pin To Net: NetName=NetC7_2 Pin=C8-2
Added Pin To Net: NetName=NetC9_1 Pin=C9-1
Added Pin To Net: NetName=NetC9_2 Pin=C9-2
Added Pin To Net: NetName=NetC10_1 Pin=C10-1
Added Pin To Net: NetName=NetC9_1 Pin=C10-2
Added Pin To Net: NetName=NetC11_1 Pin=C11-1
Added Pin To Net: NetName=NetC9_2 Pin=C11-2
Added Pin To Net: NetName=NetC12_1 Pin=C12-1
Added Pin To Net: NetName=NetC9_1 Pin=C12-2
Added Pin To Net: NetName=GND Pin=C13-1
Added Pin To Net: NetName=+5 Pin=C13-2
Added Pin To Net: NetName=GND Pin=C14-1
Added Pin To Net: NetName=NetC14_2 Pin=C14-2
Added Pin To Net: NetName=+5 Pin=C15-1
Added Pin To Net: NetName=NetC15_2 Pin=C15-2
Added Pin To Net: NetName=+12 Pin=C16-1
Added Pin To Net: NetName=GND Pin=C16-2
Added Pin To Net: NetName=VS Pin=C17-1
Added Pin To Net: NetName=NetC17_2 Pin=C17-2
Added Pin To Net: NetName=GND Pin=D1-A
Added Pin To Net: NetName=NetC3_2 Pin=D1-K
Added Pin To Net: NetName=+12 Pin=D2-A
Added Pin To Net: NetName=NetC17_2 Pin=D2-K
Added Pin To Net: NetName=FB_V Pin=H-1
Added Pin To Net: NetName=FB_C Pin=H-2
Added Pin To Net: NetName=NetH_3 Pin=H-3
Added Pin To Net: NetName=LO Pin=H-4
Added Pin To Net: NetName=HO Pin=H-5
Added Pin To Net: NetName=VS Pin=H-6
Added Pin To Net: NetName=+24 Pin=H-7
Added Pin To Net: NetName=GND Pin=H-8
Added Pin To Net: NetName=NetC3_2 Pin=IC1-1
Added Pin To Net: NetName=NetIC1_2 Pin=IC1-2
Added Pin To Net: NetName=NetC7_2 Pin=IC1-3
Added Pin To Net: NetName=NetC6_2 Pin=IC1-4
Added Pin To Net: NetName=GND Pin=IC1-5
Added Pin To Net: NetName=GND Pin=IC1-5
Added Pin To Net: NetName=GND Pin=IC1-5
Added Pin To Net: NetName=GND Pin=IC1-5
Added Pin To Net: NetName=GND Pin=IC1-5
Added Pin To Net: NetName=GND Pin=IC1-5
Added Pin To Net: NetName=GND Pin=IC1-5
Added Pin To Net: NetName=GND Pin=IC1-5
Added Pin To Net: NetName=GND Pin=IC1-5
Added Pin To Net: NetName=GND Pin=IC1-5
Added Pin To Net: NetName=GND Pin=IC1-5
Added Pin To Net: NetName=GND Pin=IC1-5
Added Pin To Net: NetName=NetIC1_6 Pin=IC1-6
Added Pin To Net: NetName=+24 Pin=IC1-7
Added Pin To Net: NetName=NetC3_1 Pin=IC1-8
Added Pin To Net: NetName=FB_V Pin=IC2-1
Added Pin To Net: NetName=NetC12_1 Pin=IC2-2
Added Pin To Net: NetName=NetC9_1 Pin=IC2-3
Added Pin To Net: NetName=NetC15_2 Pin=IC2-4
Added Pin To Net: NetName=NetC14_2 Pin=IC2-5
Added Pin To Net: NetName=NetIC2_6 Pin=IC2-6
Added Pin To Net: NetName=GND Pin=IC2-7
Added Pin To Net: NetName=+12 Pin=IC2-8
Added Pin To Net: NetName=H_IN Pin=IC2-9
Added Pin To Net: NetName=L_IN Pin=IC2-10
Added Pin To Net: NetName=+12 Pin=IC2-11
Added Pin To Net: NetName=+12 Pin=IC2-12
Added Pin To Net: NetName=+5 Pin=IC2-13
Added Pin To Net: NetName=+5 Pin=IC2-14
Added Pin To Net: NetName=NetC9_2 Pin=IC2-15
Added Pin To Net: NetName=NetIC2_16 Pin=IC2-16
Added Pin To Net: NetName=LO Pin=IC3-1
Added Pin To Net: NetName=GND Pin=IC3-2
Added Pin To Net: NetName=+12 Pin=IC3-3
Added Pin To Net: NetName=NetIC3_4 Pin=IC3-4
Added Pin To Net: NetName=NetIC3_5 Pin=IC3-5
Added Pin To Net: NetName=VS Pin=IC3-6
Added Pin To Net: NetName=NetC17_2 Pin=IC3-7
Added Pin To Net: NetName=HO Pin=IC3-8
Added Pin To Net: NetName=NetIC3_9 Pin=IC3-9
Added Pin To Net: NetName=NetIC3_10 Pin=IC3-10
Added Pin To Net: NetName=+12 Pin=IC3-11
Added Pin To Net: NetName=H_IN Pin=IC3-12
Added Pin To Net: NetName=SD Pin=IC3-13
Added Pin To Net: NetName=L_IN Pin=IC3-14
Added Pin To Net: NetName=GND Pin=IC3-15
Added Pin To Net: NetName=NetIC3_16 Pin=IC3-16
Added Pin To Net: NetName=NetC3_2 Pin=L1-1
Added Pin To Net: NetName=+12 Pin=L1-2
Added Pin To Net: NetName=+24 Pin=R1-1
Added Pin To Net: NetName=NetIC1_2 Pin=R1-2
Added Pin To Net: NetName=NetC6_2 Pin=R2-1
Added Pin To Net: NetName=+12 Pin=R2-2
Added Pin To Net: NetName=NetIC1_6 Pin=R3-1
Added Pin To Net: NetName=GND Pin=R3-2
Added Pin To Net: NetName=GND Pin=R4-1
Added Pin To Net: NetName=NetC6_2 Pin=R4-2
Added Pin To Net: NetName=NetC7_1 Pin=R5-1
Added Pin To Net: NetName=GND Pin=R5-2
Added Pin To Net: NetName=GND Pin=R6-1
Added Pin To Net: NetName=NetC6_2 Pin=R6-2
Added Pin To Net: NetName=NetC12_1 Pin=R7-1
Added Pin To Net: NetName=+5 Pin=R7-2
Added Pin To Net: NetName=GND Pin=R8-1
Added Pin To Net: NetName=NetIC2_16 Pin=R8-2
Added Pin To Net: NetName=NetC12_1 Pin=R9-1
Added Pin To Net: NetName=GND Pin=R9-2
Added Pin To Net: NetName=NetC12_1 Pin=R10-1
Added Pin To Net: NetName=NetC10_1 Pin=R10-2
Added Pin To Net: NetName=NetC9_1 Pin=R11-1
Added Pin To Net: NetName=NetC11_1 Pin=R11-2
Added Pin To Net: NetName=L_IN Pin=R12-1
Added Pin To Net: NetName=GND Pin=R12-2
Added Pin To Net: NetName=+5 Pin=R13-1
Added Pin To Net: NetName=NetC9_2 Pin=R13-2
Added Pin To Net: NetName=FB_C Pin=R14-1
Added Pin To Net: NetName=NetC9_2 Pin=R14-2
Added Pin To Net: NetName=GND Pin=R15-1
Added Pin To Net: NetName=H_IN Pin=R15-2
Added Pin To Net: NetName=NetIC2_6 Pin=R16-1
Added Pin To Net: NetName=NetR16_2 Pin=R16-2
Added Pin To Net: NetName=+5 Pin=R17-1
Added Pin To Net: NetName=NetC15_2 Pin=R17-2
Added Pin To Net: NetName=NetC15_2 Pin=R18-1
Added Pin To Net: NetName=GND Pin=R18-2
Added Pin To Net: NetName=NetR16_2 Pin=R19-1
Added Pin To Net: NetName=GND Pin=R19-2
Added Member To Class: ClassName=U_power Member=Component C1 100uf/35v
Added Member To Class: ClassName=U_power Member=Component C2 10uF
Added Member To Class: ClassName=U_power Member=Component C3 100nF
Added Member To Class: ClassName=U_power Member=Component C4 22uF
Added Member To Class: ClassName=U_power Member=Component C5 100uF
Added Member To Class: ClassName=U_power Member=Component C6 NU
Added Member To Class: ClassName=U_power Member=Component C7 100pF
Added Member To Class: ClassName=U_power Member=Component C8 NU
Added Member To Class: ClassName=U_TL494 Member=Component C9 10nF
Added Member To Class: ClassName=U_TL494 Member=Component C10 1uF
Added Member To Class: ClassName=U_TL494 Member=Component C11 10nF
Added Member To Class: ClassName=U_TL494 Member=Component C12 13pF
Added Member To Class: ClassName=U_TL494 Member=Component C13 100nF
Added Member To Class: ClassName=U_TL494 Member=Component C14 1nF
Added Member To Class: ClassName=U_TL494 Member=Component C15 1uF
Added Member To Class: ClassName=U_GATE_DRIVE Member=Component C16 100nF
Added Member To Class: ClassName=U_GATE_DRIVE Member=Component C17 4.7uF
Added Member To Class: ClassName=U_power Member=Component D1 DSK310
Added Member To Class: ClassName=U_GATE_DRIVE Member=Component D2 US1M
Added Member To Class: ClassName=Control Member=Component H pin_header_8pin
Added Member To Class: ClassName=U_power Member=Component IC1 MP4560DN
Added Member To Class: ClassName=U_TL494 Member=Component IC2 TL494
Added Member To Class: ClassName=U_GATE_DRIVE Member=Component IC3 ir2113
Added Member To Class: ClassName=U_power Member=Component L1 68uH
Added Member To Class: ClassName=U_power Member=Component R1 47K
Added Member To Class: ClassName=U_power Member=Component R2 220K
Added Member To Class: ClassName=U_power Member=Component R3 220K
Added Member To Class: ClassName=U_power Member=Component R4 42.2K
Added Member To Class: ClassName=U_power Member=Component R5 47K
Added Member To Class: ClassName=U_power Member=Component R6 42.2K
Added Member To Class: ClassName=U_TL494 Member=Component R7 5.6K
Added Member To Class: ClassName=U_TL494 Member=Component R8 1K
Added Member To Class: ClassName=U_TL494 Member=Component R9 5.6K
Added Member To Class: ClassName=U_TL494 Member=Component R10 120k
Added Member To Class: ClassName=U_TL494 Member=Component R11 5.6K
Added Member To Class: ClassName=U_TL494 Member=Component R12 1K
Added Member To Class: ClassName=U_TL494 Member=Component R13 68K
Added Member To Class: ClassName=U_TL494 Member=Component R14 680R
Added Member To Class: ClassName=U_TL494 Member=Component R15 1K
Added Member To Class: ClassName=U_TL494 Member=Component R16 22K
Added Member To Class: ClassName=U_TL494 Member=Component R17 120K
Added Member To Class: ClassName=U_TL494 Member=Component R18 10K
Added Member To Class: ClassName=U_TL494 Member=Component R19 22K
