Change Net Name : Old Net Name=NetC17_1 New Net Name=VS
Change Net Name : Old Net Name=NetH_4 New Net Name=LO
Change Net Name : Old Net Name=NetH_5 New Net Name=HO
Change Net Name : Old Net Name=NetIC2_9 New Net Name=H_IN
Change Net Name : Old Net Name=NetIC2_10 New Net Name=L_IN
Change Net Name : Old Net Name=NetIC3_13 New Net Name=SD
Added Pin To Net: NetName=NetC1_+ Pin=C1-+
Added Net: Name=NetC1_+
Added Pin To Net: NetName=NetH_3 Pin=H-3
Added Net: Name=NetH_3
Added Pin To Net: NetName=NetIC3_4 Pin=IC3-4
Added Net: Name=NetIC3_4
Added Pin To Net: NetName=NetIC3_5 Pin=IC3-5
Added Net: Name=NetIC3_5
Added Pin To Net: NetName=NetIC3_9 Pin=IC3-9
Added Net: Name=NetIC3_9
Added Pin To Net: NetName=NetIC3_10 Pin=IC3-10
Added Net: Name=NetIC3_10
Added Pin To Net: NetName=NetIC3_16 Pin=IC3-16
Added Net: Name=NetIC3_16
