Added Component: Designator=C1(cap/330u/16v)
Added Component: Designator=C2(CAP-1206)
Added Component: Designator=C3(CAP-0603)
Added Component: Designator=C4(CAP-1206)
Added Component: Designator=C5(cap/330u/16v)
Added Component: Designator=C6(CAP-0603)
Added Component: Designator=C7(CAP-0603)
Added Component: Designator=C8(CAP-0603)
Added Component: Designator=C9(CAP-0603)
Added Component: Designator=C10(CAP-0603)
Added Component: Designator=C11(CAP-0603)
Added Component: Designator=C12(CAP-0603)
Added Component: Designator=C13(CAP-0603)
Added Component: Designator=C14(CAP-0603)
Added Component: Designator=C15(CAP-0805)
Added Component: Designator=C16(CAP-0805)
Added Component: Designator=C17(CAP-0805)
Added Component: Designator=D1(DIOD/1N4007/SMD)
Added Component: Designator=D2(DIOD/1N4007/SMD)
Added Component: Designator=H(pin_header8)
Added Component: Designator=IC1(SOP8_HIT)
Added Component: Designator=IC2(TL494_SMD)
Added Component: Designator=IC3(ir2113)
Added Component: Designator=L1(NR6028T680)
Added Component: Designator=R1(RES/0603)
Added Component: Designator=R2(RES/0603)
Added Component: Designator=R3(RES/0603)
Added Component: Designator=R4(RES/0603)
Added Component: Designator=R5(RES/0603)
Added Component: Designator=R6(RES/0603)
Added Component: Designator=R7(RES/0603)
Added Component: Designator=R8(RES/0603)
Added Component: Designator=R9(RES/0603)
Added Component: Designator=R10(RES/0603)
Added Component: Designator=R11(RES/0603)
Added Component: Designator=R12(RES/0603)
Added Component: Designator=R13(RES/0603)
Added Component: Designator=R14(RES/0603)
Added Component: Designator=R15(RES/0603)
Added Component: Designator=R16(RES/0603)
Added Component: Designator=R17(RES/0603)
Added Component: Designator=R18(RES/0603)
Added Component: Designator=R19(RES/0603)
Added Pin To Net: NetName=+5 Pin=C13-2
Added Pin To Net: NetName=+5 Pin=C15-1
Added Pin To Net: NetName=+5 Pin=IC2-13
Added Pin To Net: NetName=+5 Pin=IC2-14
Added Pin To Net: NetName=+5 Pin=R7-2
Added Pin To Net: NetName=+5 Pin=R13-1
Added Pin To Net: NetName=+5 Pin=R17-1
Added Net: Name=+5
Added Pin To Net: NetName=+12 Pin=C4-2
Added Pin To Net: NetName=+12 Pin=C5-+
Added Pin To Net: NetName=+12 Pin=C6-1
Added Pin To Net: NetName=+12 Pin=C16-1
Added Pin To Net: NetName=+12 Pin=D2-A
Added Pin To Net: NetName=+12 Pin=IC2-8
Added Pin To Net: NetName=+12 Pin=IC2-11
Added Pin To Net: NetName=+12 Pin=IC2-12
Added Pin To Net: NetName=+12 Pin=IC3-3
Added Pin To Net: NetName=+12 Pin=IC3-11
Added Pin To Net: NetName=+12 Pin=L1-2
Added Pin To Net: NetName=+12 Pin=R2-2
Added Net: Name=+12
Added Pin To Net: NetName=+24 Pin=C2-1
Added Pin To Net: NetName=+24 Pin=H-7
Added Pin To Net: NetName=+24 Pin=IC1-7
Added Pin To Net: NetName=+24 Pin=R1-1
Added Net: Name=+24
Added Pin To Net: NetName=FB_C Pin=H-2
Added Pin To Net: NetName=FB_C Pin=R14-1
Added Net: Name=FB_C
Added Pin To Net: NetName=FB_V Pin=H-1
Added Pin To Net: NetName=FB_V Pin=IC2-1
Added Net: Name=FB_V
Added Pin To Net: NetName=GND Pin=C1--
Added Pin To Net: NetName=GND Pin=C2-2
Added Pin To Net: NetName=GND Pin=C4-1
Added Pin To Net: NetName=GND Pin=C5--
Added Pin To Net: NetName=GND Pin=C8-1
Added Pin To Net: NetName=GND Pin=C13-1
Added Pin To Net: NetName=GND Pin=C14-1
Added Pin To Net: NetName=GND Pin=C16-2
Added Pin To Net: NetName=GND Pin=D1-A
Added Pin To Net: NetName=GND Pin=H-8
Added Pin To Net: NetName=GND Pin=IC1-5
Added Pin To Net: NetName=GND Pin=IC1-5
Added Pin To Net: NetName=GND Pin=IC1-5
Added Pin To Net: NetName=GND Pin=IC1-5
Added Pin To Net: NetName=GND Pin=IC1-5
Added Pin To Net: NetName=GND Pin=IC1-5
Added Pin To Net: NetName=GND Pin=IC1-5
Added Pin To Net: NetName=GND Pin=IC1-5
Added Pin To Net: NetName=GND Pin=IC1-5
Added Pin To Net: NetName=GND Pin=IC1-5
Added Pin To Net: NetName=GND Pin=IC1-5
Added Pin To Net: NetName=GND Pin=IC1-5
Added Pin To Net: NetName=GND Pin=IC2-7
Added Pin To Net: NetName=GND Pin=IC3-2
Added Pin To Net: NetName=GND Pin=IC3-15
Added Pin To Net: NetName=GND Pin=R3-2
Added Pin To Net: NetName=GND Pin=R4-1
Added Pin To Net: NetName=GND Pin=R5-2
Added Pin To Net: NetName=GND Pin=R6-1
Added Pin To Net: NetName=GND Pin=R8-1
Added Pin To Net: NetName=GND Pin=R9-2
Added Pin To Net: NetName=GND Pin=R12-2
Added Pin To Net: NetName=GND Pin=R15-1
Added Pin To Net: NetName=GND Pin=R18-2
Added Pin To Net: NetName=GND Pin=R19-2
Added Net: Name=GND
Added Pin To Net: NetName=NetC3_1 Pin=C3-1
Added Pin To Net: NetName=NetC3_1 Pin=IC1-8
Added Net: Name=NetC3_1
Added Pin To Net: NetName=NetC3_2 Pin=C3-2
Added Pin To Net: NetName=NetC3_2 Pin=D1-K
Added Pin To Net: NetName=NetC3_2 Pin=IC1-1
Added Pin To Net: NetName=NetC3_2 Pin=L1-1
Added Net: Name=NetC3_2
Added Pin To Net: NetName=NetC6_2 Pin=C6-2
Added Pin To Net: NetName=NetC6_2 Pin=IC1-4
Added Pin To Net: NetName=NetC6_2 Pin=R2-1
Added Pin To Net: NetName=NetC6_2 Pin=R4-2
Added Pin To Net: NetName=NetC6_2 Pin=R6-2
Added Net: Name=NetC6_2
Added Pin To Net: NetName=NetC7_1 Pin=C7-1
Added Pin To Net: NetName=NetC7_1 Pin=R5-1
Added Net: Name=NetC7_1
Added Pin To Net: NetName=NetC7_2 Pin=C7-2
Added Pin To Net: NetName=NetC7_2 Pin=C8-2
Added Pin To Net: NetName=NetC7_2 Pin=IC1-3
Added Net: Name=NetC7_2
Added Pin To Net: NetName=NetC9_1 Pin=C9-1
Added Pin To Net: NetName=NetC9_1 Pin=C10-2
Added Pin To Net: NetName=NetC9_1 Pin=C12-2
Added Pin To Net: NetName=NetC9_1 Pin=IC2-3
Added Pin To Net: NetName=NetC9_1 Pin=R11-1
Added Net: Name=NetC9_1
Added Pin To Net: NetName=NetC9_2 Pin=C9-2
Added Pin To Net: NetName=NetC9_2 Pin=C11-2
Added Pin To Net: NetName=NetC9_2 Pin=IC2-15
Added Pin To Net: NetName=NetC9_2 Pin=R13-2
Added Pin To Net: NetName=NetC9_2 Pin=R14-2
Added Net: Name=NetC9_2
Added Pin To Net: NetName=NetC10_1 Pin=C10-1
Added Pin To Net: NetName=NetC10_1 Pin=R10-2
Added Net: Name=NetC10_1
Added Pin To Net: NetName=NetC11_1 Pin=C11-1
Added Pin To Net: NetName=NetC11_1 Pin=R11-2
Added Net: Name=NetC11_1
Added Pin To Net: NetName=NetC12_1 Pin=C12-1
Added Pin To Net: NetName=NetC12_1 Pin=IC2-2
Added Pin To Net: NetName=NetC12_1 Pin=R7-1
Added Pin To Net: NetName=NetC12_1 Pin=R9-1
Added Pin To Net: NetName=NetC12_1 Pin=R10-1
Added Net: Name=NetC12_1
Added Pin To Net: NetName=NetC14_2 Pin=C14-2
Added Pin To Net: NetName=NetC14_2 Pin=IC2-5
Added Net: Name=NetC14_2
Added Pin To Net: NetName=NetC15_2 Pin=C15-2
Added Pin To Net: NetName=NetC15_2 Pin=IC2-4
Added Pin To Net: NetName=NetC15_2 Pin=R17-2
Added Pin To Net: NetName=NetC15_2 Pin=R18-1
Added Net: Name=NetC15_2
Added Pin To Net: NetName=NetC17_1 Pin=C17-1
Added Pin To Net: NetName=NetC17_1 Pin=H-6
Added Pin To Net: NetName=NetC17_1 Pin=IC3-6
Added Net: Name=NetC17_1
Added Pin To Net: NetName=NetC17_2 Pin=C17-2
Added Pin To Net: NetName=NetC17_2 Pin=D2-K
Added Pin To Net: NetName=NetC17_2 Pin=IC3-7
Added Net: Name=NetC17_2
Added Pin To Net: NetName=NetH_4 Pin=H-4
Added Pin To Net: NetName=NetH_4 Pin=IC3-1
Added Net: Name=NetH_4
Added Pin To Net: NetName=NetH_5 Pin=H-5
Added Pin To Net: NetName=NetH_5 Pin=IC3-8
Added Net: Name=NetH_5
Added Pin To Net: NetName=NetIC1_2 Pin=IC1-2
Added Pin To Net: NetName=NetIC1_2 Pin=R1-2
Added Net: Name=NetIC1_2
Added Pin To Net: NetName=NetIC1_6 Pin=IC1-6
Added Pin To Net: NetName=NetIC1_6 Pin=R3-1
Added Net: Name=NetIC1_6
Added Pin To Net: NetName=NetIC2_6 Pin=IC2-6
Added Pin To Net: NetName=NetIC2_6 Pin=R16-1
Added Net: Name=NetIC2_6
Added Pin To Net: NetName=NetIC2_9 Pin=IC2-9
Added Pin To Net: NetName=NetIC2_9 Pin=IC3-12
Added Pin To Net: NetName=NetIC2_9 Pin=R15-2
Added Net: Name=NetIC2_9
Added Pin To Net: NetName=NetIC2_10 Pin=IC2-10
Added Pin To Net: NetName=NetIC2_10 Pin=IC3-14
Added Pin To Net: NetName=NetIC2_10 Pin=R12-1
Added Net: Name=NetIC2_10
Added Pin To Net: NetName=NetIC2_16 Pin=IC2-16
Added Pin To Net: NetName=NetIC2_16 Pin=R8-2
Added Net: Name=NetIC2_16
Added Pin To Net: NetName=NetIC3_13 Pin=IC3-13
Added Net: Name=NetIC3_13
Added Pin To Net: NetName=NetR16_2 Pin=R16-2
Added Pin To Net: NetName=NetR16_2 Pin=R19-1
Added Net: Name=NetR16_2
Added Class: Name=Control
Added Class: Name=U_GATE_DRIVE
Added Class: Name=U_power
Added Class: Name=U_TL494
Added Room: Name=Control
Added Room: Name=U_GATE_DRIVE
Added Room: Name=U_power
Added Room: Name=U_TL494
