Added Component: Designator=*1(EI 3329D)
Added Component: Designator=*(pin_header8)
Added Component: Designator=+12v(PIN1)
Added Component: Designator=C1(CAP-1206)
Added Component: Designator=C2(CAP-EL_P5MM)
Added Component: Designator=C3(CAP-EL_P5MM)
Added Component: Designator=D1(TO220-2L)
Added Component: Designator=D2(TO220-2L)
Added Component: Designator=D3(TO220-2L)
Added Component: Designator=D4(TO220-2L)
Added Component: Designator=DC_BUS1(CONECTOR/FONIX/3PIN)
Add component (AddParameter): Name = "SYSTEM"; Value = "CONNECTOR"; VariantName = "[No Variations]"
Added Component: Designator=L1(EI-28-SELF_DC)
Added Component: Designator=MOS__GND_GATE1(CONECTOR/XH/4PIN)
Added Component: Designator=MOSFET(pin_header_6pin)
Added Component: Designator=R1(RES/0.25W)
Added Component: Designator=R2(RES/1206)
Added Component: Designator=R3(RES/1206)
Added Component: Designator=R4(RES/1206)
Added Component: Designator=R5(RES/1206)
Added Component: Designator=R6(RES/1206)
Added Component: Designator=R7(RES/1206)
Added Component: Designator=R8(RES/1206)
Added Component: Designator=R9(RES/1206)
Added Component: Designator=R10(RES/1206)
Added Component: Designator=R11(RES/1206)
Added Pin To Net: NetName=+12 Pin=*1-2
Added Pin To Net: NetName=+12 Pin=*1-2
Added Pin To Net: NetName=+12 Pin=*1-2
Added Pin To Net: NetName=+12 Pin=+12v-1
Added Pin To Net: NetName=+12 Pin=C1-2
Added Net: Name=+12
Added Pin To Net: NetName=+24 Pin=MOS__GND_GATE1-2
Added Net: Name=+24
Added Pin To Net: NetName=+220 Pin=C2-+
Added Pin To Net: NetName=+220 Pin=C3-+
Added Pin To Net: NetName=+220 Pin=D1-K
Added Pin To Net: NetName=+220 Pin=D3-K
Added Pin To Net: NetName=+220 Pin=DC_BUS1-1
Added Pin To Net: NetName=+220 Pin=R10-2
Added Net: Name=+220
Added Pin To Net: NetName=+BAT Pin=*-7
Added Net: Name=+BAT
Added Pin To Net: NetName=F_SHANT Pin=*-2
Added Pin To Net: NetName=F_SHANT Pin=L1-1
Added Pin To Net: NetName=F_SHANT Pin=R6-2
Added Pin To Net: NetName=F_SHANT Pin=R7-2
Added Pin To Net: NetName=F_SHANT Pin=R8-2
Added Net: Name=F_SHANT
Added Pin To Net: NetName=FB_V Pin=*-1
Added Pin To Net: NetName=FB_V Pin=R9-1
Added Pin To Net: NetName=FB_V Pin=R11-1
Added Net: Name=FB_V
Added Pin To Net: NetName=GND Pin=*-8
Added Pin To Net: NetName=GND Pin=C2--
Added Pin To Net: NetName=GND Pin=C3--
Added Pin To Net: NetName=GND Pin=DC_BUS1-3
Added Pin To Net: NetName=GND Pin=MOS__GND_GATE1-1
Added Pin To Net: NetName=GND Pin=R6-1
Added Pin To Net: NetName=GND Pin=R7-1
Added Pin To Net: NetName=GND Pin=R8-1
Added Pin To Net: NetName=GND Pin=R11-2
Added Net: Name=GND
Added Pin To Net: NetName=Net*1_3 Pin=*1-3
Added Pin To Net: NetName=Net*1_3 Pin=D3-A
Added Pin To Net: NetName=Net*1_3 Pin=D4-K
Added Net: Name=Net*1_3
Added Pin To Net: NetName=Net*1_4 Pin=*1-4
Added Pin To Net: NetName=Net*1_4 Pin=D1-A
Added Pin To Net: NetName=Net*1_4 Pin=D2-K
Added Net: Name=Net*1_4
Added Pin To Net: NetName=Net*_5 Pin=*-5
Added Pin To Net: NetName=Net*_5 Pin=MOS__GND_GATE1-4
Added Net: Name=Net*_5
Added Pin To Net: NetName=Net*_6 Pin=*-6
Added Pin To Net: NetName=Net*_6 Pin=MOS__GND_GATE1-3
Added Net: Name=Net*_6
Added Pin To Net: NetName=NetC1_1 Pin=C1-1
Added Pin To Net: NetName=NetC1_1 Pin=R1-2
Added Pin To Net: NetName=NetC1_1 Pin=R3-1
Added Pin To Net: NetName=NetC1_1 Pin=R5-1
Added Net: Name=NetC1_1
Added Pin To Net: NetName=NetD2_A Pin=D2-A
Added Pin To Net: NetName=NetD2_A Pin=D4-A
Added Pin To Net: NetName=NetD2_A Pin=L1-2
Added Net: Name=NetD2_A
Added Pin To Net: NetName=NetR2_1 Pin=R2-1
Added Pin To Net: NetName=NetR2_1 Pin=R3-2
Added Net: Name=NetR2_1
Added Pin To Net: NetName=NetR4_1 Pin=R4-1
Added Pin To Net: NetName=NetR4_1 Pin=R5-2
Added Net: Name=NetR4_1
Added Pin To Net: NetName=NetR9_2 Pin=R9-2
Added Pin To Net: NetName=NetR9_2 Pin=R10-1
Added Net: Name=NetR9_2
Added Pin To Net: NetName=VS Pin=*-4
Added Pin To Net: NetName=VS Pin=*1-1
Added Pin To Net: NetName=VS Pin=*1-1
Added Pin To Net: NetName=VS Pin=*1-1
Added Pin To Net: NetName=VS Pin=MOSFET-1
Added Pin To Net: NetName=VS Pin=MOSFET-2
Added Pin To Net: NetName=VS Pin=MOSFET-3
Added Pin To Net: NetName=VS Pin=MOSFET-4
Added Pin To Net: NetName=VS Pin=MOSFET-5
Added Pin To Net: NetName=VS Pin=MOSFET-6
Added Pin To Net: NetName=VS Pin=R1-1
Added Pin To Net: NetName=VS Pin=R2-2
Added Pin To Net: NetName=VS Pin=R4-2
Added Net: Name=VS
Added Class: Name=half_bridge
